Initializing consumer..
SLF4J: Failed to load class "org.slf4j.impl.StaticLoggerBinder".
SLF4J: Defaulting to no-operation (NOP) logger implementation
SLF4J: See http://www.slf4j.org/codes.html#StaticLoggerBinder for further details.
Subscribed to topic
Starting Saga Bus Consumer..
Aug 05, 2025 10:30:51 PM org.example.SagaPromptRawConsumer consumeAndProcess
INFO: Consumed: key=null, value={"msgId":1754451051240,"content":"nowgo"}

Consumed: key=null, value={"msgId":1754451051240,"content":"nowgo"}, offset=1
Received Message:
  msgId: 1754451051240
  content: nowgo
Forwarded to :9999, Response code: 200
Aug 05, 2025 10:36:11 PM org.example.SagaPromptRawConsumer consumeAndProcess
INFO: Consumed: key=null, value={"msgId":1754451371390,"content":"wooooooor"}

Consumed: key=null, value={"msgId":1754451371390,"content":"wooooooor"}, offset=2
Received Message:
  msgId: 1754451371390
  content: wooooooor
Forwarded to :9999, Response code: 200
Shutting down..
Initializing consumer..
SLF4J: Failed to load class "org.slf4j.impl.StaticLoggerBinder".
SLF4J: Defaulting to no-operation (NOP) logger implementation
SLF4J: See http://www.slf4j.org/codes.html#StaticLoggerBinder for further details.
Subscribed to topic
Starting Saga Bus Consumer..
Aug 06, 2025 11:16:30 PM org.example.SagaPromptRawConsumer consumeAndProcess
INFO: Consumed: key=null, value={"msgId":1754540190561,"content":"workingasexpected"}

Consumed: key=null, value={"msgId":1754540190561,"content":"workingasexpected"}, offset=0
Received Message:
  msgId: 1754540190561
  content: workingasexpected
Forwarded to :9999, Response code: 200
Aug 06, 2025 11:16:31 PM org.example.SagaPromptRawConsumer consumeAndProcess
INFO: Consumed: key=null, value={"msgId":1754540191586,"content":"workingasexpected"}

Consumed: key=null, value={"msgId":1754540191586,"content":"workingasexpected"}, offset=1
Received Message:
  msgId: 1754540191586
  content: workingasexpected
Forwarded to :9999, Response code: 200
Shutting down..
Initializing consumer..
SLF4J: Failed to load class "org.slf4j.impl.StaticLoggerBinder".
SLF4J: Defaulting to no-operation (NOP) logger implementation
SLF4J: See http://www.slf4j.org/codes.html#StaticLoggerBinder for further details.
Subscribed to topic
Starting Saga Bus Consumer..
Aug 07, 2025 6:28:09 AM org.example.SagaPromptRawConsumer consumeAndProcess
INFO: Consumed: key=null, value={"msgId":1754566089285,"content":"update"}

Consumed: key=null, value={"msgId":1754566089285,"content":"update"}, offset=1
Received Message:
  msgId: 1754566089285
  content: update
Forwarded to :9999, Response code: 200
Aug 07, 2025 6:39:10 AM org.example.SagaPromptRawConsumer consumeAndProcess
INFO: Consumed: key=null, value={"msgId":1754566750896,"content":"workingnow"}

Consumed: key=null, value={"msgId":1754566750896,"content":"workingnow"}, offset=2
Received Message:
  msgId: 1754566750896
  content: workingnow
Forwarded to :9999, Response code: 200
Shutting down..
Initializing consumer..
SLF4J: Failed to load class "org.slf4j.impl.StaticLoggerBinder".
SLF4J: Defaulting to no-operation (NOP) logger implementation
SLF4J: See http://www.slf4j.org/codes.html#StaticLoggerBinder for further details.
Subscribed to topic
Starting Saga Bus Consumer..
Aug 07, 2025 11:30:10 PM org.example.SagaPromptRawConsumer consumeAndProcess
INFO: Consumed: key=null, value={"msgId":1754627410679,"content":"firstTry?"}

Consumed: key=null, value={"msgId":1754627410679,"content":"firstTry?"}, offset=0
Received Message:
  msgId: 1754627410679
  content: firstTry?
Forwarded to :9999, Response code: 200
Aug 07, 2025 11:30:36 PM org.example.SagaPromptRawConsumer consumeAndProcess
INFO: Consumed: key=null, value={"msgId":1754627436387,"content":"JustWorksBBBBBB"}

Consumed: key=null, value={"msgId":1754627436387,"content":"JustWorksBBBBBB"}, offset=1
Received Message:
  msgId: 1754627436387
  content: JustWorksBBBBBB
Forwarded to :9999, Response code: 200
Aug 07, 2025 11:30:43 PM org.example.SagaPromptRawConsumer consumeAndProcess
INFO: Consumed: key=null, value={"msgId":1754627443099,"content":"And Again"}

Consumed: key=null, value={"msgId":1754627443099,"content":"And Again"}, offset=2
Received Message:
  msgId: 1754627443099
  content: And Again
Forwarded to :9999, Response code: 200
Shutting down..
Initializing consumer..
SLF4J: Failed to load class "org.slf4j.impl.StaticLoggerBinder".
SLF4J: Defaulting to no-operation (NOP) logger implementation
SLF4J: See http://www.slf4j.org/codes.html#StaticLoggerBinder for further details.
Subscribed to topic
Starting Saga Bus Consumer..
Aug 11, 2025 8:40:32 PM org.example.SagaPromptRawConsumer consumeAndProcess
INFO: Consumed: key=null, value={"msgId":1754962832922,"content":"working"}

Consumed: key=null, value={"msgId":1754962832922,"content":"working"}, offset=0
Received Message:
  msgId: 1754962832922
  content: working
Forwarded to :9999, Response code: 200
Aug 11, 2025 8:41:19 PM org.example.SagaPromptRawConsumer consumeAndProcess
INFO: Consumed: key=null, value={"msgId":1754962879064,"content":"again"}

Consumed: key=null, value={"msgId":1754962879064,"content":"again"}, offset=1
Received Message:
  msgId: 1754962879064
  content: again
Forwarded to :9999, Response code: 200
Aug 11, 2025 8:44:38 PM org.example.SagaPromptRawConsumer consumeAndProcess
INFO: Consumed: key=null, value={"msgId":1754963078216,"content":"asdf"}

Consumed: key=null, value={"msgId":1754963078216,"content":"asdf"}, offset=2
Received Message:
  msgId: 1754963078216
  content: asdf
Forwarded to :9999, Response code: 200
Aug 11, 2025 8:47:30 PM org.example.SagaPromptRawConsumer consumeAndProcess
INFO: Consumed: key=null, value={"msgId":1754963250297,"content":"killed"}

Consumed: key=null, value={"msgId":1754963250297,"content":"killed"}, offset=3
Received Message:
  msgId: 1754963250297
  content: killed
Forwarded to :9999, Response code: 200
Aug 11, 2025 8:59:34 PM org.example.SagaPromptRawConsumer consumeAndProcess
INFO: Consumed: key=null, value={"msgId":1754963974280,"content":"amonth"}

Consumed: key=null, value={"msgId":1754963974280,"content":"amonth"}, offset=4
Received Message:
  msgId: 1754963974280
  content: amonth
Forwarded to :9999, Response code: 200
Aug 11, 2025 9:12:43 PM org.example.SagaPromptRawConsumer consumeAndProcess
INFO: Consumed: key=null, value={"msgId":1754964763625,"content":"asdfasdfasdf"}

Consumed: key=null, value={"msgId":1754964763625,"content":"asdfasdfasdf"}, offset=5
Received Message:
  msgId: 1754964763625
  content: asdfasdfasdf
Forwarded to :9999, Response code: 200
Aug 11, 2025 9:15:11 PM org.example.SagaPromptRawConsumer consumeAndProcess
INFO: Consumed: key=null, value={"msgId":1754964911797,"content":"qwerqwer"}

Consumed: key=null, value={"msgId":1754964911797,"content":"qwerqwer"}, offset=6
Received Message:
  msgId: 1754964911797
  content: qwerqwer
Forwarded to :9999, Response code: 200
Aug 11, 2025 9:18:16 PM org.example.SagaPromptRawConsumer consumeAndProcess
INFO: Consumed: key=null, value={"msgId":1754965096253,"content":"black"}

Consumed: key=null, value={"msgId":1754965096253,"content":"black"}, offset=7
Received Message:
  msgId: 1754965096253
  content: black
Forwarded to :9999, Response code: 200
Aug 11, 2025 9:23:13 PM org.example.SagaPromptRawConsumer consumeAndProcess
INFO: Consumed: key=null, value={"msgId":1754965393540,"content":"individual"}

Consumed: key=null, value={"msgId":1754965393540,"content":"individual"}, offset=8
Received Message:
  msgId: 1754965393540
  content: individual
Forwarded to :9999, Response code: 200
Aug 11, 2025 9:24:11 PM org.example.SagaPromptRawConsumer consumeAndProcess
INFO: Consumed: key=null, value={"msgId":1754965451288,"content":"nut"}

Consumed: key=null, value={"msgId":1754965451288,"content":"nut"}, offset=9
Received Message:
  msgId: 1754965451288
  content: nut
Forwarded to :9999, Response code: 200
Aug 11, 2025 9:25:13 PM org.example.SagaPromptRawConsumer consumeAndProcess
INFO: Consumed: key=null, value={"msgId":1754965513011,"content":"susu"}

Consumed: key=null, value={"msgId":1754965513011,"content":"susu"}, offset=10
Received Message:
  msgId: 1754965513011
  content: susu
Forwarded to :9999, Response code: 200
Aug 11, 2025 9:26:22 PM org.example.SagaPromptRawConsumer consumeAndProcess
INFO: Consumed: key=null, value={"msgId":1754965582019,"content":"asdfasdfasdfasdf"}

Consumed: key=null, value={"msgId":1754965582019,"content":"asdfasdfasdfasdf"}, offset=11
Received Message:
  msgId: 1754965582019
  content: asdfasdfasdfasdf
Forwarded to :9999, Response code: 200
Aug 11, 2025 9:26:45 PM org.example.SagaPromptRawConsumer consumeAndProcess
INFO: Consumed: key=null, value={"msgId":1754965605001,"content":"kinbo"}

Consumed: key=null, value={"msgId":1754965605001,"content":"kinbo"}, offset=12
Received Message:
  msgId: 1754965605001
  content: kinbo
Forwarded to :9999, Response code: 200
Aug 11, 2025 9:27:45 PM org.example.SagaPromptRawConsumer consumeAndProcess
INFO: Consumed: key=null, value={"msgId":1754965665626,"content":"depressed"}

Consumed: key=null, value={"msgId":1754965665626,"content":"depressed"}, offset=13
Received Message:
  msgId: 1754965665626
  content: depressed
Forwarded to :9999, Response code: 200
Aug 11, 2025 9:28:22 PM org.example.SagaPromptRawConsumer consumeAndProcess
INFO: Consumed: key=null, value={"msgId":1754965702408,"content":"TTTEEESSSTTT"}

Consumed: key=null, value={"msgId":1754965702408,"content":"TTTEEESSSTTT"}, offset=14
Received Message:
  msgId: 1754965702408
  content: TTTEEESSSTTT
Forwarded to :9999, Response code: 200
Shutting down..
Aug 11, 2025 9:38:08 PM org.example.Main main
INFO: Starting Saga Bus Consumer..
Aug 11, 2025 9:38:50 PM org.example.SagaPromptRawConsumer consumeAndProcess
INFO: Consumed: key=null, value={"msgId":1754966330186,"content":"lostpounds"}
Aug 11, 2025 9:38:50 PM org.example.Main main
INFO: Received Message:
Aug 11, 2025 9:38:50 PM org.example.Main main
INFO:   msgId: 1754966330186
Aug 11, 2025 9:38:50 PM org.example.Main main
INFO:   content: lostpounds
Aug 11, 2025 9:38:50 PM org.example.Main main
INFO: Forwarded to :9999, Response code: 200
Aug 11, 2025 9:48:05 PM org.example.Main lambda$0
INFO: Shutting down..
2025-08-11 21:48:08.107 INFO  o.a.k.c.consumer.ConsumerConfig - ConsumerConfig values: 
	allow.auto.create.topics = true
	auto.commit.interval.ms = 5000
	auto.include.jmx.reporter = true
	auto.offset.reset = latest
	bootstrap.servers = [localhost:9092]
	check.crcs = true
	client.dns.lookup = use_all_dns_ips
	client.id = consumer-lark-saga-bus-consumer-1
	client.rack = 
	connections.max.idle.ms = 540000
	default.api.timeout.ms = 60000
	enable.auto.commit = true
	enable.metrics.push = true
	exclude.internal.topics = true
	fetch.max.bytes = 52428800
	fetch.max.wait.ms = 500
	fetch.min.bytes = 1
	group.id = lark-saga-bus-consumer
	group.instance.id = null
	group.protocol = classic
	group.remote.assignor = null
	heartbeat.interval.ms = 3000
	interceptor.classes = []
	internal.leave.group.on.close = true
	internal.throw.on.fetch.stable.offset.unsupported = false
	isolation.level = read_uncommitted
	key.deserializer = class org.apache.kafka.common.serialization.StringDeserializer
	max.partition.fetch.bytes = 1048576
	max.poll.interval.ms = 300000
	max.poll.records = 500
	metadata.max.age.ms = 300000
	metric.reporters = []
	metrics.num.samples = 2
	metrics.recording.level = INFO
	metrics.sample.window.ms = 30000
	partition.assignment.strategy = [class org.apache.kafka.clients.consumer.RangeAssignor, class org.apache.kafka.clients.consumer.CooperativeStickyAssignor]
	receive.buffer.bytes = 65536
	reconnect.backoff.max.ms = 1000
	reconnect.backoff.ms = 50
	request.timeout.ms = 30000
	retry.backoff.max.ms = 1000
	retry.backoff.ms = 100
	sasl.client.callback.handler.class = null
	sasl.jaas.config = null
	sasl.kerberos.kinit.cmd = /usr/bin/kinit
	sasl.kerberos.min.time.before.relogin = 60000
	sasl.kerberos.service.name = null
	sasl.kerberos.ticket.renew.jitter = 0.05
	sasl.kerberos.ticket.renew.window.factor = 0.8
	sasl.login.callback.handler.class = null
	sasl.login.class = null
	sasl.login.connect.timeout.ms = null
	sasl.login.read.timeout.ms = null
	sasl.login.refresh.buffer.seconds = 300
	sasl.login.refresh.min.period.seconds = 60
	sasl.login.refresh.window.factor = 0.8
	sasl.login.refresh.window.jitter = 0.05
	sasl.login.retry.backoff.max.ms = 10000
	sasl.login.retry.backoff.ms = 100
	sasl.mechanism = GSSAPI
	sasl.oauthbearer.clock.skew.seconds = 30
	sasl.oauthbearer.expected.audience = null
	sasl.oauthbearer.expected.issuer = null
	sasl.oauthbearer.jwks.endpoint.refresh.ms = 3600000
	sasl.oauthbearer.jwks.endpoint.retry.backoff.max.ms = 10000
	sasl.oauthbearer.jwks.endpoint.retry.backoff.ms = 100
	sasl.oauthbearer.jwks.endpoint.url = null
	sasl.oauthbearer.scope.claim.name = scope
	sasl.oauthbearer.sub.claim.name = sub
	sasl.oauthbearer.token.endpoint.url = null
	security.protocol = PLAINTEXT
	security.providers = null
	send.buffer.bytes = 131072
	session.timeout.ms = 45000
	socket.connection.setup.timeout.max.ms = 30000
	socket.connection.setup.timeout.ms = 10000
	ssl.cipher.suites = null
	ssl.enabled.protocols = [TLSv1.2, TLSv1.3]
	ssl.endpoint.identification.algorithm = https
	ssl.engine.factory.class = null
	ssl.key.password = null
	ssl.keymanager.algorithm = SunX509
	ssl.keystore.certificate.chain = null
	ssl.keystore.key = null
	ssl.keystore.location = null
	ssl.keystore.password = null
	ssl.keystore.type = JKS
	ssl.protocol = TLSv1.3
	ssl.provider = null
	ssl.secure.random.implementation = null
	ssl.trustmanager.algorithm = PKIX
	ssl.truststore.certificates = null
	ssl.truststore.location = null
	ssl.truststore.password = null
	ssl.truststore.type = JKS
	value.deserializer = class org.apache.kafka.common.serialization.StringDeserializer

2025-08-11 21:48:08.128 INFO  o.a.k.c.t.i.KafkaMetricsCollector - initializing Kafka metrics collector
2025-08-11 21:48:08.206 INFO  o.a.kafka.common.utils.AppInfoParser - Kafka version: 3.7.2
2025-08-11 21:48:08.206 INFO  o.a.kafka.common.utils.AppInfoParser - Kafka commitId: 79a8f2b5f44f9d5a
2025-08-11 21:48:08.206 INFO  o.a.kafka.common.utils.AppInfoParser - Kafka startTimeMs: 1754966888205
2025-08-11 21:48:08.207 INFO  o.a.k.c.c.i.LegacyKafkaConsumer - [Consumer clientId=consumer-lark-saga-bus-consumer-1, groupId=lark-saga-bus-consumer] Subscribed to topic(s): saga.prompt.raw
2025-08-11 21:48:08.207 INFO  org.example.Main - Starting Saga Bus Consumer..
2025-08-11 21:48:08.313 INFO  org.apache.kafka.clients.Metadata - [Consumer clientId=consumer-lark-saga-bus-consumer-1, groupId=lark-saga-bus-consumer] Cluster ID: ZTaoQ1g7RZ2XIHbw6ejx5Q
2025-08-11 21:48:08.313 INFO  o.a.k.c.c.i.ConsumerCoordinator - [Consumer clientId=consumer-lark-saga-bus-consumer-1, groupId=lark-saga-bus-consumer] Discovered group coordinator localhost:9092 (id: 2147483646 rack: null)
2025-08-11 21:48:08.315 INFO  o.a.k.c.c.i.ConsumerCoordinator - [Consumer clientId=consumer-lark-saga-bus-consumer-1, groupId=lark-saga-bus-consumer] (Re-)joining group
2025-08-11 21:48:08.320 INFO  o.a.k.c.c.i.ConsumerCoordinator - [Consumer clientId=consumer-lark-saga-bus-consumer-1, groupId=lark-saga-bus-consumer] Request joining group due to: need to re-join with the given member-id: consumer-lark-saga-bus-consumer-1-9bd3316a-d349-41a5-8f11-711835eb8b7b
2025-08-11 21:48:08.320 INFO  o.a.k.c.c.i.ConsumerCoordinator - [Consumer clientId=consumer-lark-saga-bus-consumer-1, groupId=lark-saga-bus-consumer] (Re-)joining group
2025-08-11 21:48:11.326 INFO  o.a.k.c.c.i.ConsumerCoordinator - [Consumer clientId=consumer-lark-saga-bus-consumer-1, groupId=lark-saga-bus-consumer] Successfully joined group with generation Generation{generationId=5, memberId='consumer-lark-saga-bus-consumer-1-9bd3316a-d349-41a5-8f11-711835eb8b7b', protocol='range'}
2025-08-11 21:48:11.339 INFO  o.a.k.c.c.i.ConsumerCoordinator - [Consumer clientId=consumer-lark-saga-bus-consumer-1, groupId=lark-saga-bus-consumer] Finished assignment for group at generation 5: {consumer-lark-saga-bus-consumer-1-9bd3316a-d349-41a5-8f11-711835eb8b7b=Assignment(partitions=[saga.prompt.raw-0])}
2025-08-11 21:48:11.344 INFO  o.a.k.c.c.i.ConsumerCoordinator - [Consumer clientId=consumer-lark-saga-bus-consumer-1, groupId=lark-saga-bus-consumer] Successfully synced group in generation Generation{generationId=5, memberId='consumer-lark-saga-bus-consumer-1-9bd3316a-d349-41a5-8f11-711835eb8b7b', protocol='range'}
2025-08-11 21:48:11.345 INFO  o.a.k.c.c.i.ConsumerCoordinator - [Consumer clientId=consumer-lark-saga-bus-consumer-1, groupId=lark-saga-bus-consumer] Notifying assignor about the new Assignment(partitions=[saga.prompt.raw-0])
2025-08-11 21:48:11.347 INFO  o.a.k.c.c.i.ConsumerRebalanceListenerInvoker - [Consumer clientId=consumer-lark-saga-bus-consumer-1, groupId=lark-saga-bus-consumer] Adding newly assigned partitions: saga.prompt.raw-0
2025-08-11 21:48:11.353 INFO  o.a.k.c.c.internals.ConsumerUtils - Setting offset for partition saga.prompt.raw-0 to the committed offset FetchPosition{offset=16, offsetEpoch=Optional[0], currentLeader=LeaderAndEpoch{leader=Optional[localhost:9092 (id: 1 rack: null)], epoch=0}}
2025-08-11 21:48:26.573 INFO  org.example.Main - Received Message: {"msgId":1754966906499,"content":"bucsk"}
2025-08-11 21:48:26.707 INFO  org.example.Main - Forwarded to :9999, Response code: 200
2025-08-11 21:52:30.966 INFO  org.example.Main - Shutting down..
2025-08-11 21:52:34.050 INFO  o.a.k.c.consumer.ConsumerConfig - ConsumerConfig values: 
	allow.auto.create.topics = true
	auto.commit.interval.ms = 5000
	auto.include.jmx.reporter = true
	auto.offset.reset = latest
	bootstrap.servers = [localhost:9092]
	check.crcs = true
	client.dns.lookup = use_all_dns_ips
	client.id = consumer-lark-saga-bus-consumer-1
	client.rack = 
	connections.max.idle.ms = 540000
	default.api.timeout.ms = 60000
	enable.auto.commit = true
	enable.metrics.push = true
	exclude.internal.topics = true
	fetch.max.bytes = 52428800
	fetch.max.wait.ms = 500
	fetch.min.bytes = 1
	group.id = lark-saga-bus-consumer
	group.instance.id = null
	group.protocol = classic
	group.remote.assignor = null
	heartbeat.interval.ms = 3000
	interceptor.classes = []
	internal.leave.group.on.close = true
	internal.throw.on.fetch.stable.offset.unsupported = false
	isolation.level = read_uncommitted
	key.deserializer = class org.apache.kafka.common.serialization.StringDeserializer
	max.partition.fetch.bytes = 1048576
	max.poll.interval.ms = 300000
	max.poll.records = 500
	metadata.max.age.ms = 300000
	metric.reporters = []
	metrics.num.samples = 2
	metrics.recording.level = INFO
	metrics.sample.window.ms = 30000
	partition.assignment.strategy = [class org.apache.kafka.clients.consumer.RangeAssignor, class org.apache.kafka.clients.consumer.CooperativeStickyAssignor]
	receive.buffer.bytes = 65536
	reconnect.backoff.max.ms = 1000
	reconnect.backoff.ms = 50
	request.timeout.ms = 30000
	retry.backoff.max.ms = 1000
	retry.backoff.ms = 100
	sasl.client.callback.handler.class = null
	sasl.jaas.config = null
	sasl.kerberos.kinit.cmd = /usr/bin/kinit
	sasl.kerberos.min.time.before.relogin = 60000
	sasl.kerberos.service.name = null
	sasl.kerberos.ticket.renew.jitter = 0.05
	sasl.kerberos.ticket.renew.window.factor = 0.8
	sasl.login.callback.handler.class = null
	sasl.login.class = null
	sasl.login.connect.timeout.ms = null
	sasl.login.read.timeout.ms = null
	sasl.login.refresh.buffer.seconds = 300
	sasl.login.refresh.min.period.seconds = 60
	sasl.login.refresh.window.factor = 0.8
	sasl.login.refresh.window.jitter = 0.05
	sasl.login.retry.backoff.max.ms = 10000
	sasl.login.retry.backoff.ms = 100
	sasl.mechanism = GSSAPI
	sasl.oauthbearer.clock.skew.seconds = 30
	sasl.oauthbearer.expected.audience = null
	sasl.oauthbearer.expected.issuer = null
	sasl.oauthbearer.jwks.endpoint.refresh.ms = 3600000
	sasl.oauthbearer.jwks.endpoint.retry.backoff.max.ms = 10000
	sasl.oauthbearer.jwks.endpoint.retry.backoff.ms = 100
	sasl.oauthbearer.jwks.endpoint.url = null
	sasl.oauthbearer.scope.claim.name = scope
	sasl.oauthbearer.sub.claim.name = sub
	sasl.oauthbearer.token.endpoint.url = null
	security.protocol = PLAINTEXT
	security.providers = null
	send.buffer.bytes = 131072
	session.timeout.ms = 45000
	socket.connection.setup.timeout.max.ms = 30000
	socket.connection.setup.timeout.ms = 10000
	ssl.cipher.suites = null
	ssl.enabled.protocols = [TLSv1.2, TLSv1.3]
	ssl.endpoint.identification.algorithm = https
	ssl.engine.factory.class = null
	ssl.key.password = null
	ssl.keymanager.algorithm = SunX509
	ssl.keystore.certificate.chain = null
	ssl.keystore.key = null
	ssl.keystore.location = null
	ssl.keystore.password = null
	ssl.keystore.type = JKS
	ssl.protocol = TLSv1.3
	ssl.provider = null
	ssl.secure.random.implementation = null
	ssl.trustmanager.algorithm = PKIX
	ssl.truststore.certificates = null
	ssl.truststore.location = null
	ssl.truststore.password = null
	ssl.truststore.type = JKS
	value.deserializer = class org.apache.kafka.common.serialization.StringDeserializer

2025-08-11 21:52:34.069 INFO  o.a.k.c.t.i.KafkaMetricsCollector - initializing Kafka metrics collector
2025-08-11 21:52:34.145 INFO  o.a.kafka.common.utils.AppInfoParser - Kafka version: 3.7.2
2025-08-11 21:52:34.145 INFO  o.a.kafka.common.utils.AppInfoParser - Kafka commitId: 79a8f2b5f44f9d5a
2025-08-11 21:52:34.145 INFO  o.a.kafka.common.utils.AppInfoParser - Kafka startTimeMs: 1754967154145
2025-08-11 21:52:34.146 INFO  o.a.k.c.c.i.LegacyKafkaConsumer - [Consumer clientId=consumer-lark-saga-bus-consumer-1, groupId=lark-saga-bus-consumer] Subscribed to topic(s): saga.prompt.raw
2025-08-11 21:52:34.146 INFO  org.example.Main - Starting Saga Bus Consumer..
2025-08-11 21:52:34.254 INFO  org.apache.kafka.clients.Metadata - [Consumer clientId=consumer-lark-saga-bus-consumer-1, groupId=lark-saga-bus-consumer] Cluster ID: ZTaoQ1g7RZ2XIHbw6ejx5Q
2025-08-11 21:52:34.255 INFO  o.a.k.c.c.i.ConsumerCoordinator - [Consumer clientId=consumer-lark-saga-bus-consumer-1, groupId=lark-saga-bus-consumer] Discovered group coordinator localhost:9092 (id: 2147483646 rack: null)
2025-08-11 21:52:34.257 INFO  o.a.k.c.c.i.ConsumerCoordinator - [Consumer clientId=consumer-lark-saga-bus-consumer-1, groupId=lark-saga-bus-consumer] (Re-)joining group
2025-08-11 21:52:34.264 INFO  o.a.k.c.c.i.ConsumerCoordinator - [Consumer clientId=consumer-lark-saga-bus-consumer-1, groupId=lark-saga-bus-consumer] Request joining group due to: need to re-join with the given member-id: consumer-lark-saga-bus-consumer-1-a1e5c8e4-72d0-4506-92e1-5fcb1612f3cf
2025-08-11 21:52:34.265 INFO  o.a.k.c.c.i.ConsumerCoordinator - [Consumer clientId=consumer-lark-saga-bus-consumer-1, groupId=lark-saga-bus-consumer] (Re-)joining group
2025-08-11 21:53:15.036 INFO  o.a.k.c.c.i.ConsumerCoordinator - [Consumer clientId=consumer-lark-saga-bus-consumer-1, groupId=lark-saga-bus-consumer] Successfully joined group with generation Generation{generationId=6, memberId='consumer-lark-saga-bus-consumer-1-a1e5c8e4-72d0-4506-92e1-5fcb1612f3cf', protocol='range'}
2025-08-11 21:53:15.061 INFO  o.a.k.c.c.i.ConsumerCoordinator - [Consumer clientId=consumer-lark-saga-bus-consumer-1, groupId=lark-saga-bus-consumer] Finished assignment for group at generation 6: {consumer-lark-saga-bus-consumer-1-a1e5c8e4-72d0-4506-92e1-5fcb1612f3cf=Assignment(partitions=[saga.prompt.raw-0])}
2025-08-11 21:53:15.068 INFO  o.a.k.c.c.i.ConsumerCoordinator - [Consumer clientId=consumer-lark-saga-bus-consumer-1, groupId=lark-saga-bus-consumer] Successfully synced group in generation Generation{generationId=6, memberId='consumer-lark-saga-bus-consumer-1-a1e5c8e4-72d0-4506-92e1-5fcb1612f3cf', protocol='range'}
2025-08-11 21:53:15.069 INFO  o.a.k.c.c.i.ConsumerCoordinator - [Consumer clientId=consumer-lark-saga-bus-consumer-1, groupId=lark-saga-bus-consumer] Notifying assignor about the new Assignment(partitions=[saga.prompt.raw-0])
2025-08-11 21:53:15.071 INFO  o.a.k.c.c.i.ConsumerRebalanceListenerInvoker - [Consumer clientId=consumer-lark-saga-bus-consumer-1, groupId=lark-saga-bus-consumer] Adding newly assigned partitions: saga.prompt.raw-0
2025-08-11 21:53:15.078 INFO  o.a.k.c.c.internals.ConsumerUtils - Setting offset for partition saga.prompt.raw-0 to the committed offset FetchPosition{offset=17, offsetEpoch=Optional[0], currentLeader=LeaderAndEpoch{leader=Optional[localhost:9092 (id: 1 rack: null)], epoch=0}}
2025-08-11 21:53:15.103 INFO  org.example.SagaPromptRawConsumer - Consumed: key=null, value={"msgId":1754967165543,"content":"draweers"}, offset=17
2025-08-11 21:53:15.143 INFO  org.example.Main - Received Message: {"msgId":1754967165543,"content":"draweers"}
2025-08-11 21:53:15.291 INFO  org.example.Main - Forwarded to :9999, Response code: 200
2025-08-11 21:54:39.382 INFO  org.example.Main - Shutting down..
2025-08-11 21:54:39.391 INFO  o.a.k.c.c.i.ConsumerRebalanceListenerInvoker - [Consumer clientId=consumer-lark-saga-bus-consumer-1, groupId=lark-saga-bus-consumer] Revoke previously assigned partitions saga.prompt.raw-0
2025-08-11 21:54:39.392 INFO  o.a.k.c.c.i.ConsumerCoordinator - [Consumer clientId=consumer-lark-saga-bus-consumer-1, groupId=lark-saga-bus-consumer] Member consumer-lark-saga-bus-consumer-1-a1e5c8e4-72d0-4506-92e1-5fcb1612f3cf sending LeaveGroup request to coordinator localhost:9092 (id: 2147483646 rack: null) due to the consumer is being closed
2025-08-11 21:54:39.393 INFO  o.a.k.c.c.i.ConsumerCoordinator - [Consumer clientId=consumer-lark-saga-bus-consumer-1, groupId=lark-saga-bus-consumer] Resetting generation and member id due to: consumer pro-actively leaving the group
2025-08-11 21:54:39.393 INFO  o.a.k.c.c.i.ConsumerCoordinator - [Consumer clientId=consumer-lark-saga-bus-consumer-1, groupId=lark-saga-bus-consumer] Request joining group due to: consumer pro-actively leaving the group
2025-08-11 21:54:39.570 INFO  o.a.kafka.common.metrics.Metrics - Metrics scheduler closed
2025-08-11 21:54:39.571 INFO  o.a.kafka.common.metrics.Metrics - Closing reporter org.apache.kafka.common.metrics.JmxReporter
2025-08-11 21:54:39.571 INFO  o.a.kafka.common.metrics.Metrics - Closing reporter org.apache.kafka.common.telemetry.internals.ClientTelemetryReporter
2025-08-11 21:54:39.572 INFO  o.a.kafka.common.metrics.Metrics - Metrics reporters closed
2025-08-11 21:54:39.584 INFO  o.a.kafka.common.utils.AppInfoParser - App info kafka.consumer for consumer-lark-saga-bus-consumer-1 unregistered
2025-08-11 21:54:53.336 INFO  o.a.k.c.consumer.ConsumerConfig - ConsumerConfig values: 
	allow.auto.create.topics = true
	auto.commit.interval.ms = 5000
	auto.include.jmx.reporter = true
	auto.offset.reset = latest
	bootstrap.servers = [localhost:9092]
	check.crcs = true
	client.dns.lookup = use_all_dns_ips
	client.id = consumer-lark-saga-bus-consumer-1
	client.rack = 
	connections.max.idle.ms = 540000
	default.api.timeout.ms = 60000
	enable.auto.commit = true
	enable.metrics.push = true
	exclude.internal.topics = true
	fetch.max.bytes = 52428800
	fetch.max.wait.ms = 500
	fetch.min.bytes = 1
	group.id = lark-saga-bus-consumer
	group.instance.id = null
	group.protocol = classic
	group.remote.assignor = null
	heartbeat.interval.ms = 3000
	interceptor.classes = []
	internal.leave.group.on.close = true
	internal.throw.on.fetch.stable.offset.unsupported = false
	isolation.level = read_uncommitted
	key.deserializer = class org.apache.kafka.common.serialization.StringDeserializer
	max.partition.fetch.bytes = 1048576
	max.poll.interval.ms = 300000
	max.poll.records = 500
	metadata.max.age.ms = 300000
	metric.reporters = []
	metrics.num.samples = 2
	metrics.recording.level = INFO
	metrics.sample.window.ms = 30000
	partition.assignment.strategy = [class org.apache.kafka.clients.consumer.RangeAssignor, class org.apache.kafka.clients.consumer.CooperativeStickyAssignor]
	receive.buffer.bytes = 65536
	reconnect.backoff.max.ms = 1000
	reconnect.backoff.ms = 50
	request.timeout.ms = 30000
	retry.backoff.max.ms = 1000
	retry.backoff.ms = 100
	sasl.client.callback.handler.class = null
	sasl.jaas.config = null
	sasl.kerberos.kinit.cmd = /usr/bin/kinit
	sasl.kerberos.min.time.before.relogin = 60000
	sasl.kerberos.service.name = null
	sasl.kerberos.ticket.renew.jitter = 0.05
	sasl.kerberos.ticket.renew.window.factor = 0.8
	sasl.login.callback.handler.class = null
	sasl.login.class = null
	sasl.login.connect.timeout.ms = null
	sasl.login.read.timeout.ms = null
	sasl.login.refresh.buffer.seconds = 300
	sasl.login.refresh.min.period.seconds = 60
	sasl.login.refresh.window.factor = 0.8
	sasl.login.refresh.window.jitter = 0.05
	sasl.login.retry.backoff.max.ms = 10000
	sasl.login.retry.backoff.ms = 100
	sasl.mechanism = GSSAPI
	sasl.oauthbearer.clock.skew.seconds = 30
	sasl.oauthbearer.expected.audience = null
	sasl.oauthbearer.expected.issuer = null
	sasl.oauthbearer.jwks.endpoint.refresh.ms = 3600000
	sasl.oauthbearer.jwks.endpoint.retry.backoff.max.ms = 10000
	sasl.oauthbearer.jwks.endpoint.retry.backoff.ms = 100
	sasl.oauthbearer.jwks.endpoint.url = null
	sasl.oauthbearer.scope.claim.name = scope
	sasl.oauthbearer.sub.claim.name = sub
	sasl.oauthbearer.token.endpoint.url = null
	security.protocol = PLAINTEXT
	security.providers = null
	send.buffer.bytes = 131072
	session.timeout.ms = 45000
	socket.connection.setup.timeout.max.ms = 30000
	socket.connection.setup.timeout.ms = 10000
	ssl.cipher.suites = null
	ssl.enabled.protocols = [TLSv1.2, TLSv1.3]
	ssl.endpoint.identification.algorithm = https
	ssl.engine.factory.class = null
	ssl.key.password = null
	ssl.keymanager.algorithm = SunX509
	ssl.keystore.certificate.chain = null
	ssl.keystore.key = null
	ssl.keystore.location = null
	ssl.keystore.password = null
	ssl.keystore.type = JKS
	ssl.protocol = TLSv1.3
	ssl.provider = null
	ssl.secure.random.implementation = null
	ssl.trustmanager.algorithm = PKIX
	ssl.truststore.certificates = null
	ssl.truststore.location = null
	ssl.truststore.password = null
	ssl.truststore.type = JKS
	value.deserializer = class org.apache.kafka.common.serialization.StringDeserializer

2025-08-11 21:54:53.355 INFO  o.a.k.c.t.i.KafkaMetricsCollector - initializing Kafka metrics collector
2025-08-11 21:54:53.433 INFO  o.a.kafka.common.utils.AppInfoParser - Kafka version: 3.7.2
2025-08-11 21:54:53.433 INFO  o.a.kafka.common.utils.AppInfoParser - Kafka commitId: 79a8f2b5f44f9d5a
2025-08-11 21:54:53.433 INFO  o.a.kafka.common.utils.AppInfoParser - Kafka startTimeMs: 1754967293432
2025-08-11 21:54:53.434 INFO  o.a.k.c.c.i.LegacyKafkaConsumer - [Consumer clientId=consumer-lark-saga-bus-consumer-1, groupId=lark-saga-bus-consumer] Subscribed to topic(s): saga.prompt.raw
2025-08-11 21:54:53.434 INFO  org.example.Main - Starting Saga Bus Consumer..
2025-08-11 21:54:53.539 INFO  org.apache.kafka.clients.Metadata - [Consumer clientId=consumer-lark-saga-bus-consumer-1, groupId=lark-saga-bus-consumer] Cluster ID: ZTaoQ1g7RZ2XIHbw6ejx5Q
2025-08-11 21:54:53.539 INFO  o.a.k.c.c.i.ConsumerCoordinator - [Consumer clientId=consumer-lark-saga-bus-consumer-1, groupId=lark-saga-bus-consumer] Discovered group coordinator localhost:9092 (id: 2147483646 rack: null)
2025-08-11 21:54:53.541 INFO  o.a.k.c.c.i.ConsumerCoordinator - [Consumer clientId=consumer-lark-saga-bus-consumer-1, groupId=lark-saga-bus-consumer] (Re-)joining group
2025-08-11 21:54:53.547 INFO  o.a.k.c.c.i.ConsumerCoordinator - [Consumer clientId=consumer-lark-saga-bus-consumer-1, groupId=lark-saga-bus-consumer] Request joining group due to: need to re-join with the given member-id: consumer-lark-saga-bus-consumer-1-75c401bf-0fa5-49c9-840a-b955622e3162
2025-08-11 21:54:53.547 INFO  o.a.k.c.c.i.ConsumerCoordinator - [Consumer clientId=consumer-lark-saga-bus-consumer-1, groupId=lark-saga-bus-consumer] (Re-)joining group
2025-08-11 21:54:56.553 INFO  o.a.k.c.c.i.ConsumerCoordinator - [Consumer clientId=consumer-lark-saga-bus-consumer-1, groupId=lark-saga-bus-consumer] Successfully joined group with generation Generation{generationId=8, memberId='consumer-lark-saga-bus-consumer-1-75c401bf-0fa5-49c9-840a-b955622e3162', protocol='range'}
2025-08-11 21:54:56.561 INFO  o.a.k.c.c.i.ConsumerCoordinator - [Consumer clientId=consumer-lark-saga-bus-consumer-1, groupId=lark-saga-bus-consumer] Finished assignment for group at generation 8: {consumer-lark-saga-bus-consumer-1-75c401bf-0fa5-49c9-840a-b955622e3162=Assignment(partitions=[saga.prompt.raw-0])}
2025-08-11 21:54:56.566 INFO  o.a.k.c.c.i.ConsumerCoordinator - [Consumer clientId=consumer-lark-saga-bus-consumer-1, groupId=lark-saga-bus-consumer] Successfully synced group in generation Generation{generationId=8, memberId='consumer-lark-saga-bus-consumer-1-75c401bf-0fa5-49c9-840a-b955622e3162', protocol='range'}
2025-08-11 21:54:56.566 INFO  o.a.k.c.c.i.ConsumerCoordinator - [Consumer clientId=consumer-lark-saga-bus-consumer-1, groupId=lark-saga-bus-consumer] Notifying assignor about the new Assignment(partitions=[saga.prompt.raw-0])
2025-08-11 21:54:56.567 INFO  o.a.k.c.c.i.ConsumerRebalanceListenerInvoker - [Consumer clientId=consumer-lark-saga-bus-consumer-1, groupId=lark-saga-bus-consumer] Adding newly assigned partitions: saga.prompt.raw-0
2025-08-11 21:54:56.572 INFO  o.a.k.c.c.internals.ConsumerUtils - Setting offset for partition saga.prompt.raw-0 to the committed offset FetchPosition{offset=19, offsetEpoch=Optional[0], currentLeader=LeaderAndEpoch{leader=Optional[localhost:9092 (id: 1 rack: null)], epoch=0}}
2025-08-11 21:55:03.844 INFO  org.example.SagaPromptRawConsumer - Consumed: key=null, value={"msgId":1754967303813,"content":"downs"}, offset=19
2025-08-11 21:55:03.889 INFO  org.example.Main - Received Message: {"msgId":1754967303813,"content":"downs"}
2025-08-11 21:55:04.034 INFO  org.example.Main - Forwarded to :9999, Response code: 200
2025-08-11 22:03:53.680 INFO  o.apache.kafka.clients.NetworkClient - [Consumer clientId=consumer-lark-saga-bus-consumer-1, groupId=lark-saga-bus-consumer] Node -1 disconnected.
2025-08-11 22:07:40.766 INFO  org.example.Main - Shutting down..
2025-08-11 22:07:40.778 INFO  o.a.k.c.c.i.ConsumerRebalanceListenerInvoker - [Consumer clientId=consumer-lark-saga-bus-consumer-1, groupId=lark-saga-bus-consumer] Revoke previously assigned partitions saga.prompt.raw-0
2025-08-11 22:07:40.778 INFO  o.a.k.c.c.i.ConsumerCoordinator - [Consumer clientId=consumer-lark-saga-bus-consumer-1, groupId=lark-saga-bus-consumer] Member consumer-lark-saga-bus-consumer-1-75c401bf-0fa5-49c9-840a-b955622e3162 sending LeaveGroup request to coordinator localhost:9092 (id: 2147483646 rack: null) due to the consumer is being closed
2025-08-11 22:07:40.779 INFO  o.a.k.c.c.i.ConsumerCoordinator - [Consumer clientId=consumer-lark-saga-bus-consumer-1, groupId=lark-saga-bus-consumer] Resetting generation and member id due to: consumer pro-actively leaving the group
2025-08-11 22:07:40.779 INFO  o.a.k.c.c.i.ConsumerCoordinator - [Consumer clientId=consumer-lark-saga-bus-consumer-1, groupId=lark-saga-bus-consumer] Request joining group due to: consumer pro-actively leaving the group
2025-08-11 22:07:40.848 INFO  o.a.kafka.common.metrics.Metrics - Metrics scheduler closed
2025-08-11 22:07:40.848 INFO  o.a.kafka.common.metrics.Metrics - Closing reporter org.apache.kafka.common.metrics.JmxReporter
2025-08-11 22:07:40.848 INFO  o.a.kafka.common.metrics.Metrics - Closing reporter org.apache.kafka.common.telemetry.internals.ClientTelemetryReporter
2025-08-11 22:07:40.848 INFO  o.a.kafka.common.metrics.Metrics - Metrics reporters closed
2025-08-11 22:07:40.852 INFO  o.a.kafka.common.utils.AppInfoParser - App info kafka.consumer for consumer-lark-saga-bus-consumer-1 unregistered
2025-08-11 22:09:56.297 INFO  o.a.k.c.consumer.ConsumerConfig - ConsumerConfig values: 
	allow.auto.create.topics = true
	auto.commit.interval.ms = 5000
	auto.include.jmx.reporter = true
	auto.offset.reset = latest
	bootstrap.servers = [localhost:9092]
	check.crcs = true
	client.dns.lookup = use_all_dns_ips
	client.id = consumer-lark-saga-bus-consumer-1
	client.rack = 
	connections.max.idle.ms = 540000
	default.api.timeout.ms = 60000
	enable.auto.commit = true
	enable.metrics.push = true
	exclude.internal.topics = true
	fetch.max.bytes = 52428800
	fetch.max.wait.ms = 500
	fetch.min.bytes = 1
	group.id = lark-saga-bus-consumer
	group.instance.id = null
	group.protocol = classic
	group.remote.assignor = null
	heartbeat.interval.ms = 3000
	interceptor.classes = []
	internal.leave.group.on.close = true
	internal.throw.on.fetch.stable.offset.unsupported = false
	isolation.level = read_uncommitted
	key.deserializer = class org.apache.kafka.common.serialization.StringDeserializer
	max.partition.fetch.bytes = 1048576
	max.poll.interval.ms = 300000
	max.poll.records = 500
	metadata.max.age.ms = 300000
	metric.reporters = []
	metrics.num.samples = 2
	metrics.recording.level = INFO
	metrics.sample.window.ms = 30000
	partition.assignment.strategy = [class org.apache.kafka.clients.consumer.RangeAssignor, class org.apache.kafka.clients.consumer.CooperativeStickyAssignor]
	receive.buffer.bytes = 65536
	reconnect.backoff.max.ms = 1000
	reconnect.backoff.ms = 50
	request.timeout.ms = 30000
	retry.backoff.max.ms = 1000
	retry.backoff.ms = 100
	sasl.client.callback.handler.class = null
	sasl.jaas.config = null
	sasl.kerberos.kinit.cmd = /usr/bin/kinit
	sasl.kerberos.min.time.before.relogin = 60000
	sasl.kerberos.service.name = null
	sasl.kerberos.ticket.renew.jitter = 0.05
	sasl.kerberos.ticket.renew.window.factor = 0.8
	sasl.login.callback.handler.class = null
	sasl.login.class = null
	sasl.login.connect.timeout.ms = null
	sasl.login.read.timeout.ms = null
	sasl.login.refresh.buffer.seconds = 300
	sasl.login.refresh.min.period.seconds = 60
	sasl.login.refresh.window.factor = 0.8
	sasl.login.refresh.window.jitter = 0.05
	sasl.login.retry.backoff.max.ms = 10000
	sasl.login.retry.backoff.ms = 100
	sasl.mechanism = GSSAPI
	sasl.oauthbearer.clock.skew.seconds = 30
	sasl.oauthbearer.expected.audience = null
	sasl.oauthbearer.expected.issuer = null
	sasl.oauthbearer.jwks.endpoint.refresh.ms = 3600000
	sasl.oauthbearer.jwks.endpoint.retry.backoff.max.ms = 10000
	sasl.oauthbearer.jwks.endpoint.retry.backoff.ms = 100
	sasl.oauthbearer.jwks.endpoint.url = null
	sasl.oauthbearer.scope.claim.name = scope
	sasl.oauthbearer.sub.claim.name = sub
	sasl.oauthbearer.token.endpoint.url = null
	security.protocol = PLAINTEXT
	security.providers = null
	send.buffer.bytes = 131072
	session.timeout.ms = 45000
	socket.connection.setup.timeout.max.ms = 30000
	socket.connection.setup.timeout.ms = 10000
	ssl.cipher.suites = null
	ssl.enabled.protocols = [TLSv1.2, TLSv1.3]
	ssl.endpoint.identification.algorithm = https
	ssl.engine.factory.class = null
	ssl.key.password = null
	ssl.keymanager.algorithm = SunX509
	ssl.keystore.certificate.chain = null
	ssl.keystore.key = null
	ssl.keystore.location = null
	ssl.keystore.password = null
	ssl.keystore.type = JKS
	ssl.protocol = TLSv1.3
	ssl.provider = null
	ssl.secure.random.implementation = null
	ssl.trustmanager.algorithm = PKIX
	ssl.truststore.certificates = null
	ssl.truststore.location = null
	ssl.truststore.password = null
	ssl.truststore.type = JKS
	value.deserializer = class org.apache.kafka.common.serialization.StringDeserializer

2025-08-11 22:09:56.318 INFO  o.a.k.c.t.i.KafkaMetricsCollector - initializing Kafka metrics collector
2025-08-11 22:09:56.397 INFO  o.a.kafka.common.utils.AppInfoParser - Kafka version: 3.7.2
2025-08-11 22:09:56.398 INFO  o.a.kafka.common.utils.AppInfoParser - Kafka commitId: 79a8f2b5f44f9d5a
2025-08-11 22:09:56.398 INFO  o.a.kafka.common.utils.AppInfoParser - Kafka startTimeMs: 1754968196397
2025-08-11 22:09:56.398 INFO  o.a.k.c.c.i.LegacyKafkaConsumer - [Consumer clientId=consumer-lark-saga-bus-consumer-1, groupId=lark-saga-bus-consumer] Subscribed to topic(s): saga.prompt.raw
2025-08-11 22:09:56.399 INFO  org.example.Main - Starting Saga Bus Consumer..
2025-08-11 22:09:56.507 INFO  org.apache.kafka.clients.Metadata - [Consumer clientId=consumer-lark-saga-bus-consumer-1, groupId=lark-saga-bus-consumer] Cluster ID: ZTaoQ1g7RZ2XIHbw6ejx5Q
2025-08-11 22:09:56.507 INFO  o.a.k.c.c.i.ConsumerCoordinator - [Consumer clientId=consumer-lark-saga-bus-consumer-1, groupId=lark-saga-bus-consumer] Discovered group coordinator localhost:9092 (id: 2147483646 rack: null)
2025-08-11 22:09:56.509 INFO  o.a.k.c.c.i.ConsumerCoordinator - [Consumer clientId=consumer-lark-saga-bus-consumer-1, groupId=lark-saga-bus-consumer] (Re-)joining group
2025-08-11 22:09:56.515 INFO  o.a.k.c.c.i.ConsumerCoordinator - [Consumer clientId=consumer-lark-saga-bus-consumer-1, groupId=lark-saga-bus-consumer] Request joining group due to: need to re-join with the given member-id: consumer-lark-saga-bus-consumer-1-48ce9b4c-f1f2-4c6e-acba-5cf69af369a2
2025-08-11 22:09:56.515 INFO  o.a.k.c.c.i.ConsumerCoordinator - [Consumer clientId=consumer-lark-saga-bus-consumer-1, groupId=lark-saga-bus-consumer] (Re-)joining group
2025-08-11 22:09:59.523 INFO  o.a.k.c.c.i.ConsumerCoordinator - [Consumer clientId=consumer-lark-saga-bus-consumer-1, groupId=lark-saga-bus-consumer] Successfully joined group with generation Generation{generationId=10, memberId='consumer-lark-saga-bus-consumer-1-48ce9b4c-f1f2-4c6e-acba-5cf69af369a2', protocol='range'}
2025-08-11 22:09:59.536 INFO  o.a.k.c.c.i.ConsumerCoordinator - [Consumer clientId=consumer-lark-saga-bus-consumer-1, groupId=lark-saga-bus-consumer] Finished assignment for group at generation 10: {consumer-lark-saga-bus-consumer-1-48ce9b4c-f1f2-4c6e-acba-5cf69af369a2=Assignment(partitions=[saga.prompt.raw-0])}
2025-08-11 22:09:59.543 INFO  o.a.k.c.c.i.ConsumerCoordinator - [Consumer clientId=consumer-lark-saga-bus-consumer-1, groupId=lark-saga-bus-consumer] Successfully synced group in generation Generation{generationId=10, memberId='consumer-lark-saga-bus-consumer-1-48ce9b4c-f1f2-4c6e-acba-5cf69af369a2', protocol='range'}
2025-08-11 22:09:59.544 INFO  o.a.k.c.c.i.ConsumerCoordinator - [Consumer clientId=consumer-lark-saga-bus-consumer-1, groupId=lark-saga-bus-consumer] Notifying assignor about the new Assignment(partitions=[saga.prompt.raw-0])
2025-08-11 22:09:59.546 INFO  o.a.k.c.c.i.ConsumerRebalanceListenerInvoker - [Consumer clientId=consumer-lark-saga-bus-consumer-1, groupId=lark-saga-bus-consumer] Adding newly assigned partitions: saga.prompt.raw-0
2025-08-11 22:09:59.551 INFO  o.a.k.c.c.internals.ConsumerUtils - Setting offset for partition saga.prompt.raw-0 to the committed offset FetchPosition{offset=20, offsetEpoch=Optional[0], currentLeader=LeaderAndEpoch{leader=Optional[localhost:9092 (id: 1 rack: null)], epoch=0}}
2025-08-11 22:10:03.104 INFO  org.example.Main - Shutting down..
2025-08-11 22:10:03.109 INFO  o.a.k.c.c.i.ConsumerRebalanceListenerInvoker - [Consumer clientId=consumer-lark-saga-bus-consumer-1, groupId=lark-saga-bus-consumer] Revoke previously assigned partitions saga.prompt.raw-0
2025-08-11 22:10:03.109 INFO  o.a.k.c.c.i.ConsumerCoordinator - [Consumer clientId=consumer-lark-saga-bus-consumer-1, groupId=lark-saga-bus-consumer] Member consumer-lark-saga-bus-consumer-1-48ce9b4c-f1f2-4c6e-acba-5cf69af369a2 sending LeaveGroup request to coordinator localhost:9092 (id: 2147483646 rack: null) due to the consumer is being closed
2025-08-11 22:10:03.111 INFO  o.a.k.c.c.i.ConsumerCoordinator - [Consumer clientId=consumer-lark-saga-bus-consumer-1, groupId=lark-saga-bus-consumer] Resetting generation and member id due to: consumer pro-actively leaving the group
2025-08-11 22:10:03.111 INFO  o.a.k.c.c.i.ConsumerCoordinator - [Consumer clientId=consumer-lark-saga-bus-consumer-1, groupId=lark-saga-bus-consumer] Request joining group due to: consumer pro-actively leaving the group
2025-08-11 22:10:03.320 INFO  o.a.kafka.common.metrics.Metrics - Metrics scheduler closed
2025-08-11 22:10:03.321 INFO  o.a.kafka.common.metrics.Metrics - Closing reporter org.apache.kafka.common.metrics.JmxReporter
2025-08-11 22:10:03.321 INFO  o.a.kafka.common.metrics.Metrics - Closing reporter org.apache.kafka.common.telemetry.internals.ClientTelemetryReporter
2025-08-11 22:10:03.321 INFO  o.a.kafka.common.metrics.Metrics - Metrics reporters closed
2025-08-11 22:10:03.330 INFO  o.a.kafka.common.utils.AppInfoParser - App info kafka.consumer for consumer-lark-saga-bus-consumer-1 unregistered
2025-08-11 22:10:04.936 INFO  o.a.k.c.consumer.ConsumerConfig - ConsumerConfig values: 
	allow.auto.create.topics = true
	auto.commit.interval.ms = 5000
	auto.include.jmx.reporter = true
	auto.offset.reset = latest
	bootstrap.servers = [localhost:9092]
	check.crcs = true
	client.dns.lookup = use_all_dns_ips
	client.id = consumer-lark-saga-bus-consumer-1
	client.rack = 
	connections.max.idle.ms = 540000
	default.api.timeout.ms = 60000
	enable.auto.commit = true
	enable.metrics.push = true
	exclude.internal.topics = true
	fetch.max.bytes = 52428800
	fetch.max.wait.ms = 500
	fetch.min.bytes = 1
	group.id = lark-saga-bus-consumer
	group.instance.id = null
	group.protocol = classic
	group.remote.assignor = null
	heartbeat.interval.ms = 3000
	interceptor.classes = []
	internal.leave.group.on.close = true
	internal.throw.on.fetch.stable.offset.unsupported = false
	isolation.level = read_uncommitted
	key.deserializer = class org.apache.kafka.common.serialization.StringDeserializer
	max.partition.fetch.bytes = 1048576
	max.poll.interval.ms = 300000
	max.poll.records = 500
	metadata.max.age.ms = 300000
	metric.reporters = []
	metrics.num.samples = 2
	metrics.recording.level = INFO
	metrics.sample.window.ms = 30000
	partition.assignment.strategy = [class org.apache.kafka.clients.consumer.RangeAssignor, class org.apache.kafka.clients.consumer.CooperativeStickyAssignor]
	receive.buffer.bytes = 65536
	reconnect.backoff.max.ms = 1000
	reconnect.backoff.ms = 50
	request.timeout.ms = 30000
	retry.backoff.max.ms = 1000
	retry.backoff.ms = 100
	sasl.client.callback.handler.class = null
	sasl.jaas.config = null
	sasl.kerberos.kinit.cmd = /usr/bin/kinit
	sasl.kerberos.min.time.before.relogin = 60000
	sasl.kerberos.service.name = null
	sasl.kerberos.ticket.renew.jitter = 0.05
	sasl.kerberos.ticket.renew.window.factor = 0.8
	sasl.login.callback.handler.class = null
	sasl.login.class = null
	sasl.login.connect.timeout.ms = null
	sasl.login.read.timeout.ms = null
	sasl.login.refresh.buffer.seconds = 300
	sasl.login.refresh.min.period.seconds = 60
	sasl.login.refresh.window.factor = 0.8
	sasl.login.refresh.window.jitter = 0.05
	sasl.login.retry.backoff.max.ms = 10000
	sasl.login.retry.backoff.ms = 100
	sasl.mechanism = GSSAPI
	sasl.oauthbearer.clock.skew.seconds = 30
	sasl.oauthbearer.expected.audience = null
	sasl.oauthbearer.expected.issuer = null
	sasl.oauthbearer.jwks.endpoint.refresh.ms = 3600000
	sasl.oauthbearer.jwks.endpoint.retry.backoff.max.ms = 10000
	sasl.oauthbearer.jwks.endpoint.retry.backoff.ms = 100
	sasl.oauthbearer.jwks.endpoint.url = null
	sasl.oauthbearer.scope.claim.name = scope
	sasl.oauthbearer.sub.claim.name = sub
	sasl.oauthbearer.token.endpoint.url = null
	security.protocol = PLAINTEXT
	security.providers = null
	send.buffer.bytes = 131072
	session.timeout.ms = 45000
	socket.connection.setup.timeout.max.ms = 30000
	socket.connection.setup.timeout.ms = 10000
	ssl.cipher.suites = null
	ssl.enabled.protocols = [TLSv1.2, TLSv1.3]
	ssl.endpoint.identification.algorithm = https
	ssl.engine.factory.class = null
	ssl.key.password = null
	ssl.keymanager.algorithm = SunX509
	ssl.keystore.certificate.chain = null
	ssl.keystore.key = null
	ssl.keystore.location = null
	ssl.keystore.password = null
	ssl.keystore.type = JKS
	ssl.protocol = TLSv1.3
	ssl.provider = null
	ssl.secure.random.implementation = null
	ssl.trustmanager.algorithm = PKIX
	ssl.truststore.certificates = null
	ssl.truststore.location = null
	ssl.truststore.password = null
	ssl.truststore.type = JKS
	value.deserializer = class org.apache.kafka.common.serialization.StringDeserializer

2025-08-11 22:10:04.951 INFO  o.a.k.c.t.i.KafkaMetricsCollector - initializing Kafka metrics collector
2025-08-11 22:10:05.017 INFO  o.a.kafka.common.utils.AppInfoParser - Kafka version: 3.7.2
2025-08-11 22:10:05.017 INFO  o.a.kafka.common.utils.AppInfoParser - Kafka commitId: 79a8f2b5f44f9d5a
2025-08-11 22:10:05.017 INFO  o.a.kafka.common.utils.AppInfoParser - Kafka startTimeMs: 1754968205016
2025-08-11 22:10:05.018 INFO  o.a.k.c.c.i.LegacyKafkaConsumer - [Consumer clientId=consumer-lark-saga-bus-consumer-1, groupId=lark-saga-bus-consumer] Subscribed to topic(s): saga.prompt.raw
2025-08-11 22:10:05.018 INFO  org.example.Main - Starting Saga Bus Consumer..
2025-08-11 22:10:05.115 INFO  org.apache.kafka.clients.Metadata - [Consumer clientId=consumer-lark-saga-bus-consumer-1, groupId=lark-saga-bus-consumer] Cluster ID: ZTaoQ1g7RZ2XIHbw6ejx5Q
2025-08-11 22:10:05.115 INFO  o.a.k.c.c.i.ConsumerCoordinator - [Consumer clientId=consumer-lark-saga-bus-consumer-1, groupId=lark-saga-bus-consumer] Discovered group coordinator localhost:9092 (id: 2147483646 rack: null)
2025-08-11 22:10:05.117 INFO  o.a.k.c.c.i.ConsumerCoordinator - [Consumer clientId=consumer-lark-saga-bus-consumer-1, groupId=lark-saga-bus-consumer] (Re-)joining group
2025-08-11 22:10:05.122 INFO  o.a.k.c.c.i.ConsumerCoordinator - [Consumer clientId=consumer-lark-saga-bus-consumer-1, groupId=lark-saga-bus-consumer] Request joining group due to: need to re-join with the given member-id: consumer-lark-saga-bus-consumer-1-a9ee32c8-e3fb-4cc2-abe4-bf6ba186d66f
2025-08-11 22:10:05.122 INFO  o.a.k.c.c.i.ConsumerCoordinator - [Consumer clientId=consumer-lark-saga-bus-consumer-1, groupId=lark-saga-bus-consumer] (Re-)joining group
2025-08-11 22:10:08.126 INFO  o.a.k.c.c.i.ConsumerCoordinator - [Consumer clientId=consumer-lark-saga-bus-consumer-1, groupId=lark-saga-bus-consumer] Successfully joined group with generation Generation{generationId=12, memberId='consumer-lark-saga-bus-consumer-1-a9ee32c8-e3fb-4cc2-abe4-bf6ba186d66f', protocol='range'}
2025-08-11 22:10:08.139 INFO  o.a.k.c.c.i.ConsumerCoordinator - [Consumer clientId=consumer-lark-saga-bus-consumer-1, groupId=lark-saga-bus-consumer] Finished assignment for group at generation 12: {consumer-lark-saga-bus-consumer-1-a9ee32c8-e3fb-4cc2-abe4-bf6ba186d66f=Assignment(partitions=[saga.prompt.raw-0])}
2025-08-11 22:10:08.143 INFO  o.a.k.c.c.i.ConsumerCoordinator - [Consumer clientId=consumer-lark-saga-bus-consumer-1, groupId=lark-saga-bus-consumer] Successfully synced group in generation Generation{generationId=12, memberId='consumer-lark-saga-bus-consumer-1-a9ee32c8-e3fb-4cc2-abe4-bf6ba186d66f', protocol='range'}
2025-08-11 22:10:08.143 INFO  o.a.k.c.c.i.ConsumerCoordinator - [Consumer clientId=consumer-lark-saga-bus-consumer-1, groupId=lark-saga-bus-consumer] Notifying assignor about the new Assignment(partitions=[saga.prompt.raw-0])
2025-08-11 22:10:08.144 INFO  o.a.k.c.c.i.ConsumerRebalanceListenerInvoker - [Consumer clientId=consumer-lark-saga-bus-consumer-1, groupId=lark-saga-bus-consumer] Adding newly assigned partitions: saga.prompt.raw-0
2025-08-11 22:10:08.149 INFO  o.a.k.c.c.internals.ConsumerUtils - Setting offset for partition saga.prompt.raw-0 to the committed offset FetchPosition{offset=20, offsetEpoch=Optional[0], currentLeader=LeaderAndEpoch{leader=Optional[localhost:9092 (id: 1 rack: null)], epoch=0}}
2025-08-11 22:10:15.577 INFO  org.example.SagaPromptRawConsumer - Consumed: key=null, value={"msgId":1754968215547,"content":"imonvr"}, offset=20
2025-08-11 22:10:15.623 INFO  org.example.Main - Received Message: {"msgId":1754968215547,"content":"imonvr"}
2025-08-11 22:10:15.761 INFO  org.example.Main - Forwarded to :9999, Response code: 200
2025-08-11 22:11:06.434 INFO  org.example.SagaPromptRawConsumer - Consumed: key=null, value={"msgId":1754968266359,"content":"dontreadeit"}, offset=21
2025-08-11 22:11:06.437 INFO  org.example.Main - Received Message: {"msgId":1754968266359,"content":"dontreadeit"}
2025-08-11 22:11:06.471 INFO  org.example.Main - Forwarded to :9999, Response code: 200
2025-08-11 22:11:19.972 INFO  org.example.SagaPromptRawConsumer - Consumed: key=null, value={"msgId":1754968279958,"content":"gofromtreher"}, offset=22
2025-08-11 22:11:19.974 INFO  org.example.Main - Received Message: {"msgId":1754968279958,"content":"gofromtreher"}
2025-08-11 22:11:19.992 INFO  org.example.Main - Forwarded to :9999, Response code: 200
2025-08-11 22:15:44.785 INFO  org.example.Main - Shutting down..
